{"level":"info","message":"Fetching all notes","service":"tutam-sbd9-ifan","timestamp":"2025-05-11 19:25:52"}
{"level":"info","message":"Creating new note:","service":"tutam-sbd9-ifan","timestamp":"2025-05-11 19:26:24","title":"Test Note"}
{"level":"info","message":"Fetching all notes","service":"tutam-sbd9-ifan","timestamp":"2025-05-11 19:26:39"}
{"level":"info","message":"Fetching all notes","service":"tutam-sbd9-ifan","timestamp":"2025-05-11 19:29:20"}
{"level":"info","message":"Fetching all notes","service":"tutam-sbd9-ifan","timestamp":"2025-05-11 19:29:20"}
{"level":"info","message":"Fetching all notes","service":"tutam-sbd9-ifan","timestamp":"2025-05-11 19:29:35"}
{"level":"info","message":"Fetching all notes","service":"tutam-sbd9-ifan","timestamp":"2025-05-11 19:29:35"}
{"level":"info","message":"Fetching all notes","service":"tutam-sbd9-ifan","timestamp":"2025-05-11 19:29:46"}
{"level":"info","message":"Fetching all notes","service":"tutam-sbd9-ifan","timestamp":"2025-05-11 19:29:46"}
{"level":"info","message":"Fetching all notes","service":"tutam-sbd9-ifan","timestamp":"2025-05-11 19:32:00"}
{"level":"info","message":"Fetching all notes","service":"tutam-sbd9-ifan","timestamp":"2025-05-11 19:35:15"}
{"level":"info","message":"Fetching all notes","service":"tutam-sbd9-ifan","timestamp":"2025-05-11 19:37:20"}
{"level":"info","message":"Fetching all notes","service":"tutam-sbd9-ifan","timestamp":"2025-05-11 19:37:20"}
{"level":"info","message":"Creating new note:","service":"tutam-sbd9-ifan","timestamp":"2025-05-11 19:37:45","title":"tes 2"}
{"level":"info","message":"Fetching all notes","service":"tutam-sbd9-ifan","timestamp":"2025-05-11 19:37:55"}
{"level":"info","message":"Fetching all notes","service":"tutam-sbd9-ifan","timestamp":"2025-05-11 19:37:55"}
{"level":"info","message":"Fetching all notes","service":"tutam-sbd9-ifan","timestamp":"2025-05-11 19:37:58"}
{"level":"info","message":"Fetching all notes","service":"tutam-sbd9-ifan","timestamp":"2025-05-11 19:37:58"}
{"level":"info","message":"Fetching all notes","service":"tutam-sbd9-ifan","timestamp":"2025-05-11 19:56:45"}
{"level":"info","message":"Fetching all notes","service":"tutam-sbd9-ifan","timestamp":"2025-05-11 19:56:46"}
{"level":"info","message":"Fetching all notes","service":"tutam-sbd9-ifan","timestamp":"2025-05-11 19:56:53"}
{"level":"info","message":"Fetching all notes","service":"tutam-sbd9-ifan","timestamp":"2025-05-11 19:56:53"}
{"level":"info","message":"Fetching all notes","service":"tutam-sbd9-ifan","timestamp":"2025-05-11 19:57:03"}
{"level":"info","message":"Fetching all notes","service":"tutam-sbd9-ifan","timestamp":"2025-05-11 19:57:03"}
{"level":"info","message":"Fetching all notes","service":"tutam-sbd9-ifan","timestamp":"2025-05-11 19:57:25"}
{"level":"info","message":"Fetching all notes","service":"tutam-sbd9-ifan","timestamp":"2025-05-11 19:57:26"}
{"level":"info","message":"Fetching all notes","service":"tutam-sbd9-ifan","timestamp":"2025-05-11 19:57:33"}
{"level":"info","message":"Fetching all notes","service":"tutam-sbd9-ifan","timestamp":"2025-05-11 19:57:34"}
{"level":"info","message":"Fetching all notes","service":"tutam-sbd9-ifan","timestamp":"2025-05-11 19:57:39"}
{"level":"info","message":"Fetching all notes","service":"tutam-sbd9-ifan","timestamp":"2025-05-11 19:57:39"}
{"level":"info","message":"Fetching all notes","service":"tutam-sbd9-ifan","timestamp":"2025-05-11 19:57:44"}
{"level":"info","message":"Fetching all notes","service":"tutam-sbd9-ifan","timestamp":"2025-05-11 19:57:44"}
{"level":"info","message":"Fetching all notes","service":"tutam-sbd9-ifan","timestamp":"2025-05-11 19:58:35"}
{"level":"info","message":"Fetching all notes","service":"tutam-sbd9-ifan","timestamp":"2025-05-11 19:58:35"}
{"level":"info","message":"Fetching all notes","service":"tutam-sbd9-ifan","timestamp":"2025-05-11 19:58:41"}
{"level":"info","message":"Fetching all notes","service":"tutam-sbd9-ifan","timestamp":"2025-05-11 19:58:41"}
{"level":"info","message":"Fetching all notes","service":"tutam-sbd9-ifan","timestamp":"2025-05-11 19:58:56"}
{"level":"info","message":"Fetching all notes","service":"tutam-sbd9-ifan","timestamp":"2025-05-11 19:58:56"}
{"level":"info","message":"Deleting note with ID: 2","service":"tutam-sbd9-ifan","timestamp":"2025-05-11 19:59:53"}
{"level":"info","message":"Fetching all notes","service":"tutam-sbd9-ifan","timestamp":"2025-05-11 20:00:10"}
{"level":"info","message":"Fetching all notes","service":"tutam-sbd9-ifan","timestamp":"2025-05-11 20:00:10"}
{"level":"info","message":"Fetching all notes","service":"tutam-sbd9-ifan","timestamp":"2025-05-11 20:00:19"}
{"level":"info","message":"Fetching all notes","service":"tutam-sbd9-ifan","timestamp":"2025-05-11 20:00:19"}
{"level":"info","message":"Fetching all notes","service":"tutam-sbd9-ifan","timestamp":"2025-05-11 20:00:37"}
{"level":"info","message":"Fetching all notes","service":"tutam-sbd9-ifan","timestamp":"2025-05-11 20:00:38"}
{"level":"info","message":"Fetching all notes","service":"tutam-sbd9-ifan","timestamp":"2025-05-11 21:09:14"}
{"level":"info","message":"Fetching all notes","service":"tutam-sbd9-ifan","timestamp":"2025-05-11 21:09:14"}
{"level":"info","message":"Fetching all notes","service":"tutam-sbd9-ifan","timestamp":"2025-05-11 21:11:07"}
{"level":"info","message":"Fetching all notes","service":"tutam-sbd9-ifan","timestamp":"2025-05-11 21:11:07"}
{"level":"info","message":"Fetching all notes","service":"tutam-sbd9-ifan","timestamp":"2025-05-11 21:11:43"}
{"level":"info","message":"Fetching all notes","service":"tutam-sbd9-ifan","timestamp":"2025-05-11 21:11:44"}
{"level":"info","message":"Fetching all notes","service":"tutam-sbd9-ifan","timestamp":"2025-05-11 21:11:46"}
{"level":"info","message":"Fetching all notes","service":"tutam-sbd9-ifan","timestamp":"2025-05-11 21:11:46"}
{"level":"info","message":"Fetching all notes","service":"tutam-sbd9-ifan","timestamp":"2025-05-11 21:11:48"}
{"level":"info","message":"Fetching all notes","service":"tutam-sbd9-ifan","timestamp":"2025-05-11 21:11:48"}
{"level":"info","message":"Creating new note:","service":"tutam-sbd9-ifan","timestamp":"2025-05-11 21:13:17","title":"IFANS TOP 10 ANIME OAT"}
{"level":"info","message":"Fetching all notes","service":"tutam-sbd9-ifan","timestamp":"2025-05-11 21:14:09"}
{"level":"info","message":"Fetching all notes","service":"tutam-sbd9-ifan","timestamp":"2025-05-11 21:14:09"}
{"level":"info","message":"Fetching all notes","service":"tutam-sbd9-ifan","timestamp":"2025-05-11 21:15:12"}
{"level":"info","message":"Fetching all notes","service":"tutam-sbd9-ifan","timestamp":"2025-05-11 21:15:12"}
{"level":"info","message":"Fetching all notes","service":"tutam-sbd9-ifan","timestamp":"2025-05-11 21:15:14"}
{"level":"info","message":"Fetching all notes","service":"tutam-sbd9-ifan","timestamp":"2025-05-11 21:15:14"}
{"level":"info","message":"Fetching all notes","service":"tutam-sbd9-ifan","timestamp":"2025-05-11 21:15:57"}
{"level":"info","message":"Fetching all notes","service":"tutam-sbd9-ifan","timestamp":"2025-05-11 21:15:57"}
{"level":"info","message":"Fetching all notes","service":"tutam-sbd9-ifan","timestamp":"2025-05-11 21:15:59"}
{"level":"info","message":"Fetching all notes","service":"tutam-sbd9-ifan","timestamp":"2025-05-11 21:15:59"}
{"level":"info","message":"Fetching all notes","service":"tutam-sbd9-ifan","timestamp":"2025-05-11 21:19:00"}
{"level":"info","message":"Fetching all notes","service":"tutam-sbd9-ifan","timestamp":"2025-05-11 21:19:00"}
{"level":"info","message":"Creating new note:","service":"tutam-sbd9-ifan","timestamp":"2025-05-11 21:19:08","title":"copypasta"}
{"level":"info","message":"Deleting note with ID: 3","service":"tutam-sbd9-ifan","timestamp":"2025-05-11 21:19:13"}
{"level":"info","message":"Fetching all notes","service":"tutam-sbd9-ifan","timestamp":"2025-05-11 21:19:59"}
{"level":"info","message":"Fetching all notes","service":"tutam-sbd9-ifan","timestamp":"2025-05-11 21:19:59"}
{"level":"info","message":"Updating note with ID: 4","service":"tutam-sbd9-ifan","timestamp":"2025-05-11 21:20:10"}
{"level":"info","message":"Updating note with ID: 4","service":"tutam-sbd9-ifan","timestamp":"2025-05-11 21:20:32"}
{"level":"info","message":"Fetching all notes","service":"tutam-sbd9-ifan","timestamp":"2025-05-11 21:20:39"}
{"level":"info","message":"Fetching all notes","service":"tutam-sbd9-ifan","timestamp":"2025-05-11 21:20:40"}
